Using pre-set license
Built from '2022.1/staging' branch; Version is '2022.1.4f1 (76dd1f94b339) revision 7789855'; Using compiler version '192829333'; Build Type 'Release'
OS: 'Windows 10  (10.0.19044) 64bit Enterprise' Language: 'en' Physical Memory: 32512 MB
BatchMode: 1, IsHumanControllingUs: 0, StartBugReporterOnCrash: 0, Is64bit: 1, IsPro: 1

COMMAND LINE ARGUMENTS:
C:\Program Files\Unity 2022.1.4f1\Editor\Unity.exe
-adb2
-batchMode
-noUpm
-name
AssetImportWorker3
-projectPath
C:/Users/m018669m/Downloads/MarbleMadnessFramework-main
-logFile
Logs/AssetImportWorker3.log
-srvPort
51122
Successfully changed project path to: C:/Users/m018669m/Downloads/MarbleMadnessFramework-main
C:/Users/m018669m/Downloads/MarbleMadnessFramework-main
[UnityMemory] Configuration Parameters - Can be set up in boot.config
    "memorysetup-bucket-allocator-granularity=16"
    "memorysetup-bucket-allocator-bucket-count=8"
    "memorysetup-bucket-allocator-block-size=33554432"
    "memorysetup-bucket-allocator-block-count=8"
    "memorysetup-main-allocator-block-size=16777216"
    "memorysetup-thread-allocator-block-size=16777216"
    "memorysetup-gfx-main-allocator-block-size=16777216"
    "memorysetup-gfx-thread-allocator-block-size=16777216"
    "memorysetup-cache-allocator-block-size=4194304"
    "memorysetup-typetree-allocator-block-size=2097152"
    "memorysetup-profiler-bucket-allocator-granularity=16"
    "memorysetup-profiler-bucket-allocator-bucket-count=8"
    "memorysetup-profiler-bucket-allocator-block-size=33554432"
    "memorysetup-profiler-bucket-allocator-block-count=8"
    "memorysetup-profiler-allocator-block-size=16777216"
    "memorysetup-profiler-editor-allocator-block-size=1048576"
    "memorysetup-temp-allocator-size-main=16777216"
    "memorysetup-job-temp-allocator-block-size=2097152"
    "memorysetup-job-temp-allocator-block-size-background=1048576"
    "memorysetup-job-temp-allocator-reduction-small-platforms=262144"
    "memorysetup-temp-allocator-size-background-worker=32768"
    "memorysetup-temp-allocator-size-job-worker=262144"
    "memorysetup-temp-allocator-size-preload-manager=33554432"
    "memorysetup-temp-allocator-size-nav-mesh-worker=65536"
    "memorysetup-temp-allocator-size-audio-worker=65536"
    "memorysetup-temp-allocator-size-cloud-worker=32768"
    "memorysetup-temp-allocator-size-gi-baking-worker=262144"
    "memorysetup-temp-allocator-size-gfx=262144"
Refreshing native plugins compatible for Editor in 125.11 ms, found 2 plugins.
Preloading 0 native plugins for Editor in 0.00 ms.
Initialize engine version: 2022.1.4f1 (76dd1f94b339)
[Subsystems] Discovering subsystems at path C:/Program Files/Unity 2022.1.4f1/Editor/Data/Resources/UnitySubsystems
[Subsystems] Discovering subsystems at path C:/Users/m018669m/Downloads/MarbleMadnessFramework-main/Assets
GfxDevice: creating device client; threaded=0; jobified=0
Direct3D:
    Version:  Direct3D 11.0 [level 11.1]
    Renderer: NVIDIA GeForce RTX 3080 (ID=0x2216)
    Vendor:   NVIDIA
    VRAM:     10078 MB
    Driver:   31.0.15.1694
Initialize mono
Mono path[0] = 'C:/Program Files/Unity 2022.1.4f1/Editor/Data/Managed'
Mono path[1] = 'C:/Program Files/Unity 2022.1.4f1/Editor/Data/MonoBleedingEdge/lib/mono/unityjit-win32'
Mono config path = 'C:/Program Files/Unity 2022.1.4f1/Editor/Data/MonoBleedingEdge/etc'
Using monoOptions --debugger-agent=transport=dt_socket,embedding=1,server=y,suspend=n,address=127.0.0.1:56052
Begin MonoManager ReloadAssembly
Registering precompiled unity dll's ...
Register platform support module: C:/Program Files/Unity 2022.1.4f1/Editor/Data/PlaybackEngines/WebGLSupport/UnityEditor.WebGL.Extensions.dll
Register platform support module: C:/Program Files/Unity 2022.1.4f1/Editor/Data/PlaybackEngines/AndroidPlayer/UnityEditor.Android.Extensions.dll
Register platform support module: C:/Program Files/Unity 2022.1.4f1/Editor/Data/PlaybackEngines/WindowsStandaloneSupport/UnityEditor.WindowsStandalone.Extensions.dll
Registered in 0.005381 seconds.
Native extension for WindowsStandalone target not found
Native extension for Android target not found
Native extension for WebGL target not found
Refreshing native plugins compatible for Editor in 61.46 ms, found 2 plugins.
Preloading 0 native plugins for Editor in 0.00 ms.
Mono: successfully reloaded assembly
- Completed reload, in  0.528 seconds
Domain Reload Profiling:
	ReloadAssembly (529ms)
		BeginReloadAssembly (71ms)
			ExecutionOrderSort (0ms)
			DisableScriptedObjects (0ms)
			BackupInstance (0ms)
			ReleaseScriptingObjects (0ms)
			CreateAndSetChildDomain (1ms)
		EndReloadAssembly (368ms)
			LoadAssemblies (69ms)
			RebuildTransferFunctionScriptingTraits (0ms)
			SetupTypeCache (89ms)
				TypeCache.Initialize (89ms)
					TypeCache.ScanAssembly (88ms)
				ResolveRequiredComponents (0ms)
			ReleaseScriptCaches (0ms)
			RebuildScriptCaches (23ms)
			SetupLoadedEditorAssemblies (213ms)
				LogAssemblyErrors (0ms)
				InitializePlatformSupportModulesInManaged (44ms)
				SetLoadedEditorAssemblies (4ms)
				RefreshPlugins (62ms)
				BeforeProcessingInitializeOnLoad (1ms)
				ProcessInitializeOnLoadAttributes (72ms)
				ProcessInitializeOnLoadMethodAttributes (31ms)
				AfterProcessingInitializeOnLoad (0ms)
				EditorAssembliesLoaded (0ms)
			ExecutionOrderSort2 (0ms)
			AwakeInstancesAfterBackupRestoration (0ms)
Platform modules already initialized, skipping
Registering precompiled user dll's ...
Registered in 0.004217 seconds.
Begin MonoManager ReloadAssembly
Native extension for WindowsStandalone target not found
Native extension for Android target not found
Native extension for WebGL target not found
Refreshing native plugins compatible for Editor in 120.67 ms, found 2 plugins.
Preloading 0 native plugins for Editor in 0.00 ms.
Mono: successfully reloaded assembly
- Completed reload, in  1.459 seconds
Domain Reload Profiling:
	ReloadAssembly (1460ms)
		BeginReloadAssembly (101ms)
			ExecutionOrderSort (0ms)
			DisableScriptedObjects (7ms)
			BackupInstance (0ms)
			ReleaseScriptingObjects (0ms)
			CreateAndSetChildDomain (19ms)
		EndReloadAssembly (1240ms)
			LoadAssemblies (72ms)
			RebuildTransferFunctionScriptingTraits (0ms)
			SetupTypeCache (334ms)
				TypeCache.Initialize (319ms)
					TypeCache.ScanAssembly (310ms)
				ResolveRequiredComponents (15ms)
			ReleaseScriptCaches (1ms)
			RebuildScriptCaches (118ms)
			SetupLoadedEditorAssemblies (620ms)
				LogAssemblyErrors (0ms)
				InitializePlatformSupportModulesInManaged (21ms)
				SetLoadedEditorAssemblies (8ms)
				RefreshPlugins (121ms)
				BeforeProcessingInitializeOnLoad (142ms)
				ProcessInitializeOnLoadAttributes (282ms)
				ProcessInitializeOnLoadMethodAttributes (41ms)
				AfterProcessingInitializeOnLoad (7ms)
				EditorAssembliesLoaded (0ms)
			ExecutionOrderSort2 (0ms)
			AwakeInstancesAfterBackupRestoration (5ms)
Platform modules already initialized, skipping
========================================================================
Worker process is ready to serve import requests
Launched and connected shader compiler UnityShaderCompiler.exe after 0.03 seconds
Refreshing native plugins compatible for Editor in 1.81 ms, found 2 plugins.
Preloading 0 native plugins for Editor in 0.00 ms.
Unloading 4961 Unused Serialized files (Serialized files now loaded: 0)
Unloading 45 unused Assets / (3.5 MB). Loaded Objects now: 5433.
Memory consumption went from 0.82 GB to 0.82 GB.
Total: 9.607700 ms (FindLiveObjects: 0.870300 ms CreateObjectMapping: 0.903600 ms MarkObjects: 6.199700 ms  DeleteObjects: 1.631600 ms)

AssetImportParameters requested are different than current active one (requested -> active):
  custom:video-decoder-ogg-theora: a1e56fd34408186e4bbccfd4996cb3dc -> 
  custom:container-muxer-webm: aa71ff27fc2769a1b78a27578f13a17b -> 
  custom:container-demuxer-webm: 4f35f7cbe854078d1ac9338744f61a02 -> 
  custom:video-encoder-webm-vp8: eb34c28f22e8b96e1ab97ce403110664 -> 
  custom:audio-encoder-webm-vorbis: bf7c407c2cedff20999df2af8eb42d56 -> 
  custom:framework-win-MediaFoundation: 216162199b28c13a410421893ffa2e32 -> 
  custom:container-demuxer-ogg: 62fdf1f143b41e24485cea50d1cbac27 -> 
  custom:video-decoder-webm-vp8: 9c59270c3fd7afecdb556c50c9e8de78 -> 
  custom:audio-decoder-ogg-vorbis: bf7c407c2cedff20999df2af8eb42d56 -> 
========================================================================
Received Import Request.
  Time since last request: 28096.556734 seconds.
  path: Assets/Prefabs/Level/Chunks/Flat 9x5x3.prefab
  artifactKey: Guid(5cfc4077de183634da82e1b440d35a07) Importer(815301076,1909f56bfc062723c751e8b465ee728b)
Start importing Assets/Prefabs/Level/Chunks/Flat 9x5x3.prefab using Guid(5cfc4077de183634da82e1b440d35a07) Importer(815301076,1909f56bfc062723c751e8b465ee728b)  -> (artifact id: 'b38be3f12caf504446ac62e67551a361') in 2.746390 seconds 
========================================================================
Received Import Request.
  Time since last request: 0.467536 seconds.
  path: Assets/Prefabs/Level/Props/Pipes/Pipe Ramp 1x5 0.5 Z.prefab
  artifactKey: Guid(06c63483157e7104b8da8ad3ee1ab8f1) Importer(815301076,1909f56bfc062723c751e8b465ee728b)
Start importing Assets/Prefabs/Level/Props/Pipes/Pipe Ramp 1x5 0.5 Z.prefab using Guid(06c63483157e7104b8da8ad3ee1ab8f1) Importer(815301076,1909f56bfc062723c751e8b465ee728b)  -> (artifact id: '8757befe62138cb15df6eda5ef7dfd40') in 0.029238 seconds 
========================================================================
Received Import Request.
  Time since last request: 0.000044 seconds.
  path: Assets/Prefabs/Level/Props/Pipes/Pipe Vert Higher.prefab
  artifactKey: Guid(c19bd9798d89d0d49b3d1e089c9ddabd) Importer(815301076,1909f56bfc062723c751e8b465ee728b)
Start importing Assets/Prefabs/Level/Props/Pipes/Pipe Vert Higher.prefab using Guid(c19bd9798d89d0d49b3d1e089c9ddabd) Importer(815301076,1909f56bfc062723c751e8b465ee728b)  -> (artifact id: '5103672cdfdbd0a07331472c9ae0c688') in 0.020244 seconds 
========================================================================
Received Prepare
Registering precompiled user dll's ...
Registered in 0.005474 seconds.
Begin MonoManager ReloadAssembly
Native extension for WindowsStandalone target not found
Native extension for Android target not found
Native extension for WebGL target not found
Refreshing native plugins compatible for Editor in 1.30 ms, found 2 plugins.
Preloading 0 native plugins for Editor in 0.00 ms.
Mono: successfully reloaded assembly
- Completed reload, in  1.208 seconds
Domain Reload Profiling:
	ReloadAssembly (1209ms)
		BeginReloadAssembly (173ms)
			ExecutionOrderSort (0ms)
			DisableScriptedObjects (29ms)
			BackupInstance (0ms)
			ReleaseScriptingObjects (0ms)
			CreateAndSetChildDomain (48ms)
		EndReloadAssembly (934ms)
			LoadAssemblies (80ms)
			RebuildTransferFunctionScriptingTraits (0ms)
			SetupTypeCache (239ms)
				TypeCache.Initialize (231ms)
					TypeCache.ScanAssembly (226ms)
				ResolveRequiredComponents (9ms)
			ReleaseScriptCaches (2ms)
			RebuildScriptCaches (66ms)
			SetupLoadedEditorAssemblies (416ms)
				LogAssemblyErrors (0ms)
				InitializePlatformSupportModulesInManaged (23ms)
				SetLoadedEditorAssemblies (6ms)
				RefreshPlugins (1ms)
				BeforeProcessingInitializeOnLoad (82ms)
				ProcessInitializeOnLoadAttributes (262ms)
				ProcessInitializeOnLoadMethodAttributes (32ms)
				AfterProcessingInitializeOnLoad (9ms)
				EditorAssembliesLoaded (0ms)
			ExecutionOrderSort2 (0ms)
			AwakeInstancesAfterBackupRestoration (14ms)
Platform modules already initialized, skipping
Refreshing native plugins compatible for Editor in 3.99 ms, found 2 plugins.
Preloading 0 native plugins for Editor in 0.00 ms.
Unloading 4617 Unused Serialized files (Serialized files now loaded: 0)
Unloading 39 unused Assets / (3.4 MB). Loaded Objects now: 5551.
Memory consumption went from 0.77 GB to 0.77 GB.
Total: 6.731400 ms (FindLiveObjects: 0.538300 ms CreateObjectMapping: 0.471100 ms MarkObjects: 4.556400 ms  DeleteObjects: 1.162600 ms)

AssetImportParameters requested are different than current active one (requested -> active):
  custom:video-decoder-ogg-theora: a1e56fd34408186e4bbccfd4996cb3dc -> 
  custom:container-muxer-webm: aa71ff27fc2769a1b78a27578f13a17b -> 
  custom:container-demuxer-webm: 4f35f7cbe854078d1ac9338744f61a02 -> 
  custom:video-encoder-webm-vp8: eb34c28f22e8b96e1ab97ce403110664 -> 
  custom:audio-encoder-webm-vorbis: bf7c407c2cedff20999df2af8eb42d56 -> 
  custom:framework-win-MediaFoundation: 216162199b28c13a410421893ffa2e32 -> 
  custom:container-demuxer-ogg: 62fdf1f143b41e24485cea50d1cbac27 -> 
  custom:video-decoder-webm-vp8: 9c59270c3fd7afecdb556c50c9e8de78 -> 
  custom:audio-decoder-ogg-vorbis: bf7c407c2cedff20999df2af8eb42d56 -> 
========================================================================
Received Import Request.
  Time since last request: 139.190175 seconds.
  path: Assets/Prefabs/Editable Level/Channel 3x1x4.prefab
  artifactKey: Guid(b6b1253e3014ea54daad76a6fd3e831d) Importer(815301076,1909f56bfc062723c751e8b465ee728b)
Start importing Assets/Prefabs/Editable Level/Channel 3x1x4.prefab using Guid(b6b1253e3014ea54daad76a6fd3e831d) Importer(815301076,1909f56bfc062723c751e8b465ee728b)  -> (artifact id: '015bd4c247b5ad5a72f74681aa24e636') in 0.046828 seconds 
========================================================================
Received Import Request.
  Time since last request: 0.000026 seconds.
  path: Assets/Prefabs/Editable Level/Flat 2x1x2.prefab
  artifactKey: Guid(c8d82858a222b904f856d55831c8ce9c) Importer(815301076,1909f56bfc062723c751e8b465ee728b)
Start importing Assets/Prefabs/Editable Level/Flat 2x1x2.prefab using Guid(c8d82858a222b904f856d55831c8ce9c) Importer(815301076,1909f56bfc062723c751e8b465ee728b)  -> (artifact id: 'bc029c2b9b52870ffddd3fed545119f7') in 0.009936 seconds 
========================================================================
Received Import Request.
  Time since last request: 0.000020 seconds.
  path: Assets/Prefabs/Editable Level/Pyramid.prefab
  artifactKey: Guid(4c9f68bd564556d4c9bfe814a757ce3c) Importer(815301076,1909f56bfc062723c751e8b465ee728b)
Start importing Assets/Prefabs/Editable Level/Pyramid.prefab using Guid(4c9f68bd564556d4c9bfe814a757ce3c) Importer(815301076,1909f56bfc062723c751e8b465ee728b)  -> (artifact id: 'e8946a70fff77b5736d02987834076a5') in 0.008738 seconds 
========================================================================
Received Import Request.
  Time since last request: 0.000027 seconds.
  path: Assets/Prefabs/Editable Level/Channel Corner 4x1.5x4.prefab
  artifactKey: Guid(bc4868686c1ee444b975a8caf8a5b3e7) Importer(815301076,1909f56bfc062723c751e8b465ee728b)
Start importing Assets/Prefabs/Editable Level/Channel Corner 4x1.5x4.prefab using Guid(bc4868686c1ee444b975a8caf8a5b3e7) Importer(815301076,1909f56bfc062723c751e8b465ee728b)  -> (artifact id: 'e4497073807d034b40217a6329f59792') in 0.006908 seconds 
========================================================================
Received Import Request.
  Time since last request: 0.000030 seconds.
  path: Assets/Prefabs/Editable Level/Ramp Sides 6x2 X.prefab
  artifactKey: Guid(1742ca7b98031644496948b936429962) Importer(815301076,1909f56bfc062723c751e8b465ee728b)
Start importing Assets/Prefabs/Editable Level/Ramp Sides 6x2 X.prefab using Guid(1742ca7b98031644496948b936429962) Importer(815301076,1909f56bfc062723c751e8b465ee728b)  -> (artifact id: 'ff02750c66aa6691e025e48d9304ab8d') in 0.010843 seconds 
========================================================================
Received Import Request.
  Time since last request: 0.000033 seconds.
  path: Assets/Prefabs/Editable Level/Channel Corner 4x1.5x4 0.prefab
  artifactKey: Guid(fc7b0137d2ae2db45978c5f9594c35f7) Importer(815301076,1909f56bfc062723c751e8b465ee728b)
Start importing Assets/Prefabs/Editable Level/Channel Corner 4x1.5x4 0.prefab using Guid(fc7b0137d2ae2db45978c5f9594c35f7) Importer(815301076,1909f56bfc062723c751e8b465ee728b)  -> (artifact id: 'ff1cfd138be85422987f266207cd3713') in 0.006617 seconds 
========================================================================
Received Import Request.
  Time since last request: 0.000020 seconds.
  path: Assets/Prefabs/Editable Level/Flat 3x5x3.prefab
  artifactKey: Guid(bb66769b955ba114281e01fdecc5ff14) Importer(815301076,1909f56bfc062723c751e8b465ee728b)
Start importing Assets/Prefabs/Editable Level/Flat 3x5x3.prefab using Guid(bb66769b955ba114281e01fdecc5ff14) Importer(815301076,1909f56bfc062723c751e8b465ee728b)  -> (artifact id: '58771ce88387a1a89daa8d91c8e9b3c5') in 0.005729 seconds 
========================================================================
Received Import Request.
  Time since last request: 33.370744 seconds.
  path: Assets/Prefabs/Level/Channels/Channel 3x1x4/New Game Object (1)(Clone).prefab
  artifactKey: Guid(96de1b5edcdf3e1458534a96366e8dc7) Importer(815301076,1909f56bfc062723c751e8b465ee728b)
Start importing Assets/Prefabs/Level/Channels/Channel 3x1x4/New Game Object (1)(Clone).prefab using Guid(96de1b5edcdf3e1458534a96366e8dc7) Importer(815301076,1909f56bfc062723c751e8b465ee728b)  -> (artifact id: 'd26878d75df5d1fda891fca7f8199dd1') in 0.509116 seconds 
========================================================================
Received Import Request.
  Time since last request: 0.893199 seconds.
  path: Assets/Prefabs/Level/Channels/Ramp Sided 6x2 X/Back3.prefab
  artifactKey: Guid(1a51b8556f625d44197280eb3b920420) Importer(815301076,1909f56bfc062723c751e8b465ee728b)
Start importing Assets/Prefabs/Level/Channels/Ramp Sided 6x2 X/Back3.prefab using Guid(1a51b8556f625d44197280eb3b920420) Importer(815301076,1909f56bfc062723c751e8b465ee728b)  -> (artifact id: 'b767b92c14de0dd8f4692019d6846912') in 0.024607 seconds 
========================================================================
Received Import Request.
  Time since last request: 0.000027 seconds.
  path: Assets/Prefabs/Level/Channels/Ramp Sided 6x2 X/pb_Mesh-341108.asset
  artifactKey: Guid(c9ef5c0bee32ec84a87f9498186eb385) Importer(815301076,1909f56bfc062723c751e8b465ee728b)
Start importing Assets/Prefabs/Level/Channels/Ramp Sided 6x2 X/pb_Mesh-341108.asset using Guid(c9ef5c0bee32ec84a87f9498186eb385) Importer(815301076,1909f56bfc062723c751e8b465ee728b)  -> (artifact id: '902a638352c0def28b20457b9da8d9cf') in 0.041176 seconds 
========================================================================
Received Import Request.
  Time since last request: 0.000046 seconds.
  path: Assets/Prefabs/Level/Channels/Ramp Sided 6x2 X/Front2.prefab
  artifactKey: Guid(d1c11936a7a64ad4291aae883f4530f4) Importer(815301076,1909f56bfc062723c751e8b465ee728b)
Start importing Assets/Prefabs/Level/Channels/Ramp Sided 6x2 X/Front2.prefab using Guid(d1c11936a7a64ad4291aae883f4530f4) Importer(815301076,1909f56bfc062723c751e8b465ee728b)  -> (artifact id: '1664da4c0701640f152a31131ebf3338') in 0.021934 seconds 
========================================================================
Received Import Request.
  Time since last request: 0.000032 seconds.
  path: Assets/Prefabs/Level/Channels/Ramp Sided 6x2 X/pb_Mesh-341178.asset
  artifactKey: Guid(654d7917f5121b64991f0a0017676577) Importer(815301076,1909f56bfc062723c751e8b465ee728b)
Start importing Assets/Prefabs/Level/Channels/Ramp Sided 6x2 X/pb_Mesh-341178.asset using Guid(654d7917f5121b64991f0a0017676577) Importer(815301076,1909f56bfc062723c751e8b465ee728b)  -> (artifact id: '8e96ad4c17f41287e51832fdfa6ca434') in 0.014447 seconds 
========================================================================
Received Import Request.
  Time since last request: 0.000033 seconds.
  path: Assets/Prefabs/Level/Channels/Ramp Sided 6x2 X/Front6.prefab
  artifactKey: Guid(314599b7270eace4cb68a0405f292a20) Importer(815301076,1909f56bfc062723c751e8b465ee728b)
Start importing Assets/Prefabs/Level/Channels/Ramp Sided 6x2 X/Front6.prefab using Guid(314599b7270eace4cb68a0405f292a20) Importer(815301076,1909f56bfc062723c751e8b465ee728b)  -> (artifact id: 'c0fdb1c786985f08510de97b1c7560b7') in 0.022929 seconds 
========================================================================
Received Import Request.
  Time since last request: 0.000046 seconds.
  path: Assets/Prefabs/Level/Channels/Ramp Sided 6x2 X/Front4.prefab
  artifactKey: Guid(26d9660618b1f3640baa339a9a7062a7) Importer(815301076,1909f56bfc062723c751e8b465ee728b)
Start importing Assets/Prefabs/Level/Channels/Ramp Sided 6x2 X/Front4.prefab using Guid(26d9660618b1f3640baa339a9a7062a7) Importer(815301076,1909f56bfc062723c751e8b465ee728b)  -> (artifact id: 'b3575f10d92df8954d90a2e9828a3137') in 0.021188 seconds 
Editor requested this worker to shutdown with reason: Scaling down because of idle timeout
AssetImportWorker is now disconnected from the server
Process exiting
Exiting without the bug reporter. Application will terminate with return code 0